video/build/intermediates/manifest_merge_blame_file/debug/manifest-merger-blame-debug-report.txt
1<?xml version="1.0" encoding="utf-8"?>
2<manifest xmlns:android="http://schemas.android.com/apk/res/android"
3    package="es.ua.eps.video"
4    android:versionCode="1"
5    android:versionName="1.0" >
6
7    <uses-sdk android:targetSdkVersion="26" />
7-->src/main/AndroidManifest.xml
8
9    <application
9-->src/main/AndroidManifest.xml:8:5-20:19
10        android:debuggable="true"
11        android:icon="@drawable/ic_launcher"
11-->src/main/AndroidManifest.xml:9:9-45
12        android:label="@string/app_name"
12-->src/main/AndroidManifest.xml:10:9-41
13        android:testOnly="true" >
14        <activity
14-->src/main/AndroidManifest.xml:11:9-19:20
15            android:name="es.ua.jtech.android.video.VideoActivity"
15-->src/main/AndroidManifest.xml:12:13-42
16            android:label="@string/app_name" >
16-->src/main/AndroidManifest.xml:13:13-45
17            <intent-filter>
17-->src/main/AndroidManifest.xml:14:13-18:29
18                <action android:name="android.intent.action.MAIN" />
18-->src/main/AndroidManifest.xml:15:17-69
18-->src/main/AndroidManifest.xml:15:25-66
19
20                <category android:name="android.intent.category.LAUNCHER" />
20-->src/main/AndroidManifest.xml:17:17-77
20-->src/main/AndroidManifest.xml:17:27-74
21            </intent-filter>
22        </activity>
23    </application>
24
25</manifest>